<?xml version="1.0" encoding="UTF-8"?>
<!-- Generated by org.testng.reporters.JUnitXMLReporter -->
<testsuite ignored="2" hostname="mohammadh0901" failures="0" tests="1" name="Default test" time="29.241" errors="0" timestamp="2025-01-20T18:07:31 EST">
  <testcase classname="pagesTest.RmaAccountingTest" name="endOfLifeTest" time="21.892"/>
  <testcase classname="pagesTest.RmaAccountingTest" name="evaluatedTest" time="0.0">
    <ignored/>
  </testcase> <!-- evaluatedTest -->
  <testcase classname="pagesTest.RmaAccountingTest" name="rejectedTest" time="0.0">
    <ignored/>
  </testcase> <!-- rejectedTest -->
</testsuite> <!-- Default test -->
