<?xml version="1.0" encoding="UTF-8"?>
<testng-results ignored="0" total="1" passed="1" failed="0" skipped="0">
  <reporter-output>
    <line>
      <![CDATA[mohammad.hossain@parabit.com <-----> has been put into <-----> [[EdgeDriver: MicrosoftEdge on windows (a953b35f0d94610e72395597175553cb)] -> id: Email]<br>]]>
    </line>
    <line>
      <![CDATA[Parabit@1 <-----> has been put into <-----> [[EdgeDriver: MicrosoftEdge on windows (a953b35f0d94610e72395597175553cb)] -> id: Password]<br>]]>
    </line>
    <line>
      <![CDATA[Proxy element for: DefaultElementLocator 'By.xpath: //button[text()='SIGN IN ']'<--------> has been clicked<br>]]>
    </line>
  </reporter-output>
  <suite started-at="2025-01-20T18:07:02 EST" name="Default suite" finished-at="2025-01-20T18:07:31 EST" duration-ms="29241">
    <groups>
    </groups>
    <test started-at="2025-01-20T18:07:02 EST" name="Default test" finished-at="2025-01-20T18:07:31 EST" duration-ms="29241">
      <class name="pagesTest.RmaAccountingTest">
        <test-method is-config="true" signature="initialReporting()[pri:0, instance:pagesTest.RmaAccountingTest@7c37508a]" started-at="2025-01-20T18:07:01 EST" name="initialReporting" finished-at="2025-01-20T18:07:02 EST" duration-ms="465" status="PASS">
          <reporter-output>
          </reporter-output>
        </test-method> <!-- initialReporting -->
        <test-method is-config="true" signature="beforeClassSetUp()[pri:0, instance:pagesTest.RmaAccountingTest@7c37508a]" started-at="2025-01-20T18:07:02 EST" name="beforeClassSetUp" finished-at="2025-01-20T18:07:02 EST" duration-ms="4" status="PASS">
          <reporter-output>
          </reporter-output>
        </test-method> <!-- beforeClassSetUp -->
        <test-method is-config="true" signature="initialTest(java.lang.reflect.Method)[pri:0, instance:pagesTest.RmaAccountingTest@7c37508a]" started-at="2025-01-20T18:07:02 EST" name="initialTest" finished-at="2025-01-20T18:07:02 EST" duration-ms="18" status="PASS">
          <params>
            <param index="0">
              <value>
                <![CDATA[public void pagesTest.RmaAccountingTest.endOfLifeTest()]]>
              </value>
            </param>
          </params>
          <reporter-output>
          </reporter-output>
        </test-method> <!-- initialTest -->
        <test-method is-config="true" signature="setUp(java.lang.String)[pri:0, instance:pagesTest.RmaAccountingTest@7c37508a]" started-at="2025-01-20T18:07:02 EST" name="setUp" finished-at="2025-01-20T18:07:08 EST" duration-ms="5860" status="PASS">
          <params>
            <param index="0">
              <value>
                <![CDATA[edge]]>
              </value>
            </param>
          </params>
          <reporter-output>
          </reporter-output>
        </test-method> <!-- setUp -->
        <test-method signature="endOfLifeTest()[pri:1, instance:pagesTest.RmaAccountingTest@7c37508a]" started-at="2025-01-20T18:07:08 EST" name="endOfLifeTest" finished-at="2025-01-20T18:07:30 EST" duration-ms="21892" status="PASS">
          <reporter-output>
            <line>
              <![CDATA[mohammad.hossain@parabit.com <-----> has been put into <-----> [[EdgeDriver: MicrosoftEdge on windows (a953b35f0d94610e72395597175553cb)] -> id: Email]<br>]]>
            </line>
            <line>
              <![CDATA[Parabit@1 <-----> has been put into <-----> [[EdgeDriver: MicrosoftEdge on windows (a953b35f0d94610e72395597175553cb)] -> id: Password]<br>]]>
            </line>
            <line>
              <![CDATA[Proxy element for: DefaultElementLocator 'By.xpath: //button[text()='SIGN IN ']'<--------> has been clicked<br>]]>
            </line>
          </reporter-output>
        </test-method> <!-- endOfLifeTest -->
        <test-method is-config="true" signature="afterEachTest(java.lang.reflect.Method,org.testng.ITestResult)[pri:0, instance:pagesTest.RmaAccountingTest@7c37508a]" started-at="2025-01-20T18:07:30 EST" name="afterEachTest" finished-at="2025-01-20T18:07:30 EST" duration-ms="0" status="PASS">
          <params>
            <param index="0">
              <value>
                <![CDATA[public void pagesTest.RmaAccountingTest.endOfLifeTest()]]>
              </value>
            </param>
            <param index="1">
              <value>
                <![CDATA[[TestResult name=endOfLifeTest status=SUCCESS method=RmaAccountingTest.endOfLifeTest()[pri:1, instance:pagesTest.RmaAccountingTest@7c37508a] output=mohammad.hossain@parabit.com <-----> has been put into <-----> [[EdgeDriver: MicrosoftEdge on windows (a953b35f0d94610e72395597175553cb)] -> id: Email]<br>]]]>
              </value>
            </param>
          </params>
          <reporter-output>
          </reporter-output>
        </test-method> <!-- afterEachTest -->
        <test-method is-config="true" signature="tearUp()[pri:0, instance:pagesTest.RmaAccountingTest@7c37508a]" started-at="2025-01-20T18:07:30 EST" name="tearUp" finished-at="2025-01-20T18:07:31 EST" duration-ms="1398" status="PASS">
          <reporter-output>
          </reporter-output>
        </test-method> <!-- tearUp -->
        <test-method is-config="true" signature="publishReport()[pri:0, instance:pagesTest.RmaAccountingTest@7c37508a]" started-at="2025-01-20T18:07:31 EST" name="publishReport" finished-at="2025-01-20T18:07:32 EST" duration-ms="484" status="PASS">
          <reporter-output>
          </reporter-output>
        </test-method> <!-- publishReport -->
      </class> <!-- pagesTest.RmaAccountingTest -->
    </test> <!-- Default test -->
  </suite> <!-- Default suite -->
</testng-results>
